<?xml version="1.0" encoding="UTF-8"?>
<!-- Generated by org.testng.reporters.JUnitReportReporter -->
<testsuite skipped="0" hostname="DIGAMBAR-PC" name="com.qa.tests.MyDocumentTest" tests="1" failures="0" timestamp="22 Jul 2018 20:07:14 GMT" time="74.295" errors="0">
  <testcase name="checkLetterDownload" time="74.295" classname="com.qa.tests.MyDocumentTest"/>
</testsuite> <!-- com.qa.tests.MyDocumentTest -->
